2024-01-26 18:40:52,793 - debug - INFO - A página está no modo dark...
2024-01-26 18:40:55,105 - debug - INFO - A página está no modo light...
2024-01-26 18:40:57,436 - bdebug - DEBUG - Verificando Carros da frota...
2024-01-26 18:41:01,157 - bdebug - DEBUG - Verificando Carros da frota...
2024-01-26 18:41:05,799 - bdebug - DEBUG - Registro histórico adicionado com sucesso!
2024-01-26 18:41:05,874 - bdebug - DEBUG - Registro de Cliente adicionado com sucesso!
2024-01-26 18:41:05,950 - bdebug - DEBUG - Aluguel excluído - ID: 1...
2024-01-26 18:41:06,025 - bdebug - DEBUG - Status do carro atualizado para 'Disponivel' - ID: 1...
2024-01-26 18:41:06,972 - bdebug - DEBUG - Verificando Carros da frota...
2024-01-26 18:41:10,666 - bdebug - DEBUG - Carro excluído da frota - ID: 1...
2024-01-26 18:41:10,667 - bdebug - DEBUG - Carro excluído dos aluguéis - ID: 1...
2024-01-26 18:46:10,002 - debug - INFO - A página está no modo dark...
2024-01-26 18:46:23,420 - bdebug - DEBUG - Verificando Carros da frota...
2024-01-27 09:35:09,474 - bdebug - DEBUG - Verificando Carros da frota...
2024-01-27 19:18:34,986 - bdebug - DEBUG - Verificando Carros da frota...
2024-01-27 19:19:29,423 - bdebug - DEBUG - Verificando Carros da frota...
2024-01-27 19:20:13,366 - bdebug - DEBUG - Verificando Carros da frota...
2024-01-27 19:20:39,452 - bdebug - DEBUG - Verificando Carros da frota...
2024-01-27 19:21:07,910 - bdebug - DEBUG - Verificando Carros da frota...
2024-01-27 19:22:12,273 - bdebug - DEBUG - Verificando Carros da frota...
2024-01-27 19:22:25,006 - bdebug - DEBUG - Carro excluído da frota - ID: 11...
2024-01-27 19:22:25,007 - bdebug - DEBUG - Carro excluído dos aluguéis - ID: 11...
2024-01-27 19:25:54,880 - debug - INFO - A página está no modo dark...
2024-01-27 19:25:59,664 - debug - INFO - A página está no modo light...
2024-01-27 19:26:08,948 - debug - INFO - A página está no modo dark...
2024-01-27 19:26:13,066 - bdebug - DEBUG - Verificando Carros da frota...
2024-01-27 19:26:34,394 - bdebug - DEBUG - Verificando Carros da frota...
2024-01-27 19:27:10,481 - bdebug - DEBUG - Verificando Carros da frota...
2024-01-27 19:27:23,721 - bdebug - DEBUG - Carro excluído da frota - ID: 11...
2024-01-27 19:27:23,721 - bdebug - DEBUG - Carro excluído dos aluguéis - ID: 11...
